Analysis & Synthesis report for EightBit_Computer
Sat Jul 10 19:10:44 2021
Quartus Prime Version 17.1.0 Build 590 10/25/2017 SJ Standard Edition


---------------------
; Table of Contents ;
---------------------
  1. Legal Notice
  2. Analysis & Synthesis Summary
  3. Analysis & Synthesis Settings
  4. Parallel Compilation
  5. Analysis & Synthesis Source Files Read
  6. Analysis & Synthesis Resource Usage Summary
  7. Analysis & Synthesis Resource Utilization by Entity
  8. User-Specified and Inferred Latches
  9. General Register Statistics
 10. Inverted Register Statistics
 11. Multiplexer Restructuring Statistics (Restructuring Performed)
 12. Port Connectivity Checks: "RAM:M9"
 13. Post-Synthesis Netlist Statistics for Top Partition
 14. Elapsed Time Per Partition
 15. Analysis & Synthesis Messages



----------------
; Legal Notice ;
----------------
Copyright (C) 2017  Intel Corporation. All rights reserved.
Your use of Intel Corporation's design tools, logic functions 
and other software and tools, and its AMPP partner logic 
functions, and any output files from any of the foregoing 
(including device programming or simulation files), and any 
associated documentation or information are expressly subject 
to the terms and conditions of the Intel Program License 
Subscription Agreement, the Intel Quartus Prime License Agreement,
the Intel FPGA IP License Agreement, or other applicable license
agreement, including, without limitation, that your use is for
the sole purpose of programming logic devices manufactured by
Intel and sold by Intel or its authorized distributors.  Please
refer to the applicable agreement for further details.



+--------------------------------------------------------------------------------------+
; Analysis & Synthesis Summary                                                         ;
+------------------------------------+-------------------------------------------------+
; Analysis & Synthesis Status        ; Successful - Sat Jul 10 19:10:44 2021           ;
; Quartus Prime Version              ; 17.1.0 Build 590 10/25/2017 SJ Standard Edition ;
; Revision Name                      ; EightBit_Computer                               ;
; Top-level Entity Name              ; EightBit_Computer                               ;
; Family                             ; Cyclone IV E                                    ;
; Total logic elements               ; 216                                             ;
;     Total combinational functions  ; 187                                             ;
;     Dedicated logic registers      ; 57                                              ;
; Total registers                    ; 57                                              ;
; Total pins                         ; 39                                              ;
; Total virtual pins                 ; 0                                               ;
; Total memory bits                  ; 0                                               ;
; Embedded Multiplier 9-bit elements ; 0                                               ;
; Total PLLs                         ; 0                                               ;
+------------------------------------+-------------------------------------------------+


+----------------------------------------------------------------------------------------------------------------------+
; Analysis & Synthesis Settings                                                                                        ;
+----------------------------------------------------------------------------+--------------------+--------------------+
; Option                                                                     ; Setting            ; Default Value      ;
+----------------------------------------------------------------------------+--------------------+--------------------+
; Device                                                                     ; EP4CE6E22C8        ;                    ;
; Top-level entity name                                                      ; EightBit_Computer  ; EightBit_Computer  ;
; Family name                                                                ; Cyclone IV E       ; Cyclone V          ;
; Use smart compilation                                                      ; Off                ; Off                ;
; Enable parallel Assembler and TimeQuest Timing Analyzer during compilation ; On                 ; On                 ;
; Enable compact report table                                                ; Off                ; Off                ;
; Restructure Multiplexers                                                   ; Auto               ; Auto               ;
; Create Debugging Nodes for IP Cores                                        ; Off                ; Off                ;
; Preserve fewer node names                                                  ; On                 ; On                 ;
; Intel FPGA IP Evaluation Mode                                              ; Enable             ; Enable             ;
; Verilog Version                                                            ; Verilog_2001       ; Verilog_2001       ;
; VHDL Version                                                               ; VHDL_1993          ; VHDL_1993          ;
; State Machine Processing                                                   ; Auto               ; Auto               ;
; Safe State Machine                                                         ; Off                ; Off                ;
; Extract Verilog State Machines                                             ; On                 ; On                 ;
; Extract VHDL State Machines                                                ; On                 ; On                 ;
; Ignore Verilog initial constructs                                          ; Off                ; Off                ;
; Iteration limit for constant Verilog loops                                 ; 5000               ; 5000               ;
; Iteration limit for non-constant Verilog loops                             ; 250                ; 250                ;
; Add Pass-Through Logic to Inferred RAMs                                    ; On                 ; On                 ;
; Infer RAMs from Raw Logic                                                  ; On                 ; On                 ;
; Parallel Synthesis                                                         ; On                 ; On                 ;
; DSP Block Balancing                                                        ; Auto               ; Auto               ;
; NOT Gate Push-Back                                                         ; On                 ; On                 ;
; Power-Up Don't Care                                                        ; On                 ; On                 ;
; Remove Redundant Logic Cells                                               ; Off                ; Off                ;
; Remove Duplicate Registers                                                 ; On                 ; On                 ;
; Ignore CARRY Buffers                                                       ; Off                ; Off                ;
; Ignore CASCADE Buffers                                                     ; Off                ; Off                ;
; Ignore GLOBAL Buffers                                                      ; Off                ; Off                ;
; Ignore ROW GLOBAL Buffers                                                  ; Off                ; Off                ;
; Ignore LCELL Buffers                                                       ; Off                ; Off                ;
; Ignore SOFT Buffers                                                        ; On                 ; On                 ;
; Limit AHDL Integers to 32 Bits                                             ; Off                ; Off                ;
; Optimization Technique                                                     ; Balanced           ; Balanced           ;
; Carry Chain Length                                                         ; 70                 ; 70                 ;
; Auto Carry Chains                                                          ; On                 ; On                 ;
; Auto Open-Drain Pins                                                       ; On                 ; On                 ;
; Perform WYSIWYG Primitive Resynthesis                                      ; Off                ; Off                ;
; Auto ROM Replacement                                                       ; On                 ; On                 ;
; Auto RAM Replacement                                                       ; On                 ; On                 ;
; Auto DSP Block Replacement                                                 ; On                 ; On                 ;
; Auto Shift Register Replacement                                            ; Auto               ; Auto               ;
; Allow Shift Register Merging across Hierarchies                            ; Auto               ; Auto               ;
; Auto Clock Enable Replacement                                              ; On                 ; On                 ;
; Strict RAM Replacement                                                     ; Off                ; Off                ;
; Allow Synchronous Control Signals                                          ; On                 ; On                 ;
; Force Use of Synchronous Clear Signals                                     ; Off                ; Off                ;
; Auto RAM Block Balancing                                                   ; On                 ; On                 ;
; Auto RAM to Logic Cell Conversion                                          ; Off                ; Off                ;
; Auto Resource Sharing                                                      ; Off                ; Off                ;
; Allow Any RAM Size For Recognition                                         ; Off                ; Off                ;
; Allow Any ROM Size For Recognition                                         ; Off                ; Off                ;
; Allow Any Shift Register Size For Recognition                              ; Off                ; Off                ;
; Use LogicLock Constraints during Resource Balancing                        ; On                 ; On                 ;
; Ignore translate_off and synthesis_off directives                          ; Off                ; Off                ;
; Timing-Driven Synthesis                                                    ; On                 ; On                 ;
; Report Parameter Settings                                                  ; On                 ; On                 ;
; Report Source Assignments                                                  ; On                 ; On                 ;
; Report Connectivity Checks                                                 ; On                 ; On                 ;
; Ignore Maximum Fan-Out Assignments                                         ; Off                ; Off                ;
; Synchronization Register Chain Length                                      ; 2                  ; 2                  ;
; Power Optimization During Synthesis                                        ; Normal compilation ; Normal compilation ;
; HDL message level                                                          ; Level2             ; Level2             ;
; Suppress Register Optimization Related Messages                            ; Off                ; Off                ;
; Number of Removed Registers Reported in Synthesis Report                   ; 5000               ; 5000               ;
; Number of Swept Nodes Reported in Synthesis Report                         ; 5000               ; 5000               ;
; Number of Inverted Registers Reported in Synthesis Report                  ; 100                ; 100                ;
; Clock MUX Protection                                                       ; On                 ; On                 ;
; Auto Gated Clock Conversion                                                ; Off                ; Off                ;
; Block Design Naming                                                        ; Auto               ; Auto               ;
; SDC constraint protection                                                  ; Off                ; Off                ;
; Synthesis Effort                                                           ; Auto               ; Auto               ;
; Shift Register Replacement - Allow Asynchronous Clear Signal               ; On                 ; On                 ;
; Pre-Mapping Resynthesis Optimization                                       ; Off                ; Off                ;
; Analysis & Synthesis Message Level                                         ; Medium             ; Medium             ;
; Disable Register Merging Across Hierarchies                                ; Auto               ; Auto               ;
; Resource Aware Inference For Block RAM                                     ; On                 ; On                 ;
+----------------------------------------------------------------------------+--------------------+--------------------+


+------------------------------------------+
; Parallel Compilation                     ;
+----------------------------+-------------+
; Processors                 ; Number      ;
+----------------------------+-------------+
; Number detected on machine ; 8           ;
; Maximum allowed            ; 4           ;
;                            ;             ;
; Average used               ; 1.00        ;
; Maximum used               ; 4           ;
;                            ;             ;
; Usage by Processor         ; % Time Used ;
;     Processor 1            ; 100.0%      ;
;     Processor 2            ;   0.0%      ;
;     Processors 3-4         ;   0.0%      ;
+----------------------------+-------------+


+--------------------------------------------------------------------------------------------------------------------------------------------------------------------+
; Analysis & Synthesis Source Files Read                                                                                                                             ;
+----------------------------------+-----------------+-----------------------+-----------------------------------------------------------------------------+---------+
; File Name with User-Entered Path ; Used in Netlist ; File Type             ; File Name with Absolute Path                                                ; Library ;
+----------------------------------+-----------------+-----------------------+-----------------------------------------------------------------------------+---------+
; eightbit_computer.vhd            ; yes             ; Auto-Found VHDL File  ; C:/Users/ZTL/Desktop/model_computer/EightBit_Computer/eightbit_computer.vhd ;         ;
; clk_generator.vhd                ; yes             ; Auto-Found VHDL File  ; C:/Users/ZTL/Desktop/model_computer/EightBit_Computer/clk_generator.vhd     ;         ;
; counter.vhd                      ; yes             ; Auto-Found VHDL File  ; C:/Users/ZTL/Desktop/model_computer/EightBit_Computer/counter.vhd           ;         ;
; ctrl.vhd                         ; yes             ; Auto-Found VHDL File  ; C:/Users/ZTL/Desktop/model_computer/EightBit_Computer/ctrl.vhd              ;         ;
; alu.vhd                          ; yes             ; Auto-Found VHDL File  ; C:/Users/ZTL/Desktop/model_computer/EightBit_Computer/alu.vhd               ;         ;
; acc.vhd                          ; yes             ; Auto-Found VHDL File  ; C:/Users/ZTL/Desktop/model_computer/EightBit_Computer/acc.vhd               ;         ;
; dr.vhd                           ; yes             ; Auto-Found VHDL File  ; C:/Users/ZTL/Desktop/model_computer/EightBit_Computer/dr.vhd                ;         ;
; pc.vhd                           ; yes             ; Auto-Found VHDL File  ; C:/Users/ZTL/Desktop/model_computer/EightBit_Computer/pc.vhd                ;         ;
; mar.vhd                          ; yes             ; Auto-Found VHDL File  ; C:/Users/ZTL/Desktop/model_computer/EightBit_Computer/mar.vhd               ;         ;
; ir.vhd                           ; yes             ; Auto-Found VHDL File  ; C:/Users/ZTL/Desktop/model_computer/EightBit_Computer/ir.vhd                ;         ;
; ram.vhd                          ; yes             ; Auto-Found VHDL File  ; C:/Users/ZTL/Desktop/model_computer/EightBit_Computer/ram.vhd               ;         ;
+----------------------------------+-----------------+-----------------------+-----------------------------------------------------------------------------+---------+


+---------------------------------------------------------------------------+
; Analysis & Synthesis Resource Usage Summary                               ;
+---------------------------------------------+-----------------------------+
; Resource                                    ; Usage                       ;
+---------------------------------------------+-----------------------------+
; Estimated Total logic elements              ; 216                         ;
;                                             ;                             ;
; Total combinational functions               ; 187                         ;
; Logic element usage by number of LUT inputs ;                             ;
;     -- 4 input functions                    ; 110                         ;
;     -- 3 input functions                    ; 49                          ;
;     -- <=2 input functions                  ; 28                          ;
;                                             ;                             ;
; Logic elements by mode                      ;                             ;
;     -- normal mode                          ; 172                         ;
;     -- arithmetic mode                      ; 15                          ;
;                                             ;                             ;
; Total registers                             ; 57                          ;
;     -- Dedicated logic registers            ; 57                          ;
;     -- I/O registers                        ; 0                           ;
;                                             ;                             ;
; I/O pins                                    ; 39                          ;
;                                             ;                             ;
; Embedded Multiplier 9-bit elements          ; 0                           ;
;                                             ;                             ;
; Maximum fan-out node                        ; CLK_Generator:M0|CLK_TEMP~0 ;
; Maximum fan-out                             ; 54                          ;
; Total fan-out                               ; 890                         ;
; Average fan-out                             ; 2.76                        ;
+---------------------------------------------+-----------------------------+


+--------------------------------------------------------------------------------------------------------------------------------------------------------------------------------------------------------------------------------+
; Analysis & Synthesis Resource Utilization by Entity                                                                                                                                                                            ;
+----------------------------+---------------------+---------------------------+-------------+--------------+---------+-----------+------+--------------+-------------------------------------+-------------------+--------------+
; Compilation Hierarchy Node ; Combinational ALUTs ; Dedicated Logic Registers ; Memory Bits ; DSP Elements ; DSP 9x9 ; DSP 18x18 ; Pins ; Virtual Pins ; Full Hierarchy Name                 ; Entity Name       ; Library Name ;
+----------------------------+---------------------+---------------------------+-------------+--------------+---------+-----------+------+--------------+-------------------------------------+-------------------+--------------+
; |EightBit_Computer         ; 187 (0)             ; 57 (0)                    ; 0           ; 0            ; 0       ; 0         ; 39   ; 0            ; |EightBit_Computer                  ; EightBit_Computer ; work         ;
;    |ACC:M4|                ; 0 (0)               ; 8 (8)                     ; 0           ; 0            ; 0       ; 0         ; 0    ; 0            ; |EightBit_Computer|ACC:M4           ; ACC               ; work         ;
;    |ALU:M3|                ; 78 (78)             ; 8 (8)                     ; 0           ; 0            ; 0       ; 0         ; 0    ; 0            ; |EightBit_Computer|ALU:M3           ; ALU               ; work         ;
;    |CLK_Generator:M0|      ; 8 (8)               ; 5 (5)                     ; 0           ; 0            ; 0       ; 0         ; 0    ; 0            ; |EightBit_Computer|CLK_Generator:M0 ; CLK_Generator     ; work         ;
;    |CTRL:M2|               ; 42 (42)             ; 0 (0)                     ; 0           ; 0            ; 0       ; 0         ; 0    ; 0            ; |EightBit_Computer|CTRL:M2          ; CTRL              ; work         ;
;    |DR:M5|                 ; 0 (0)               ; 8 (8)                     ; 0           ; 0            ; 0       ; 0         ; 0    ; 0            ; |EightBit_Computer|DR:M5            ; DR                ; work         ;
;    |IR:M8|                 ; 23 (23)             ; 8 (8)                     ; 0           ; 0            ; 0       ; 0         ; 0    ; 0            ; |EightBit_Computer|IR:M8            ; IR                ; work         ;
;    |MAR:M7|                ; 0 (0)               ; 6 (6)                     ; 0           ; 0            ; 0       ; 0         ; 0    ; 0            ; |EightBit_Computer|MAR:M7           ; MAR               ; work         ;
;    |PC:M6|                 ; 6 (6)               ; 6 (6)                     ; 0           ; 0            ; 0       ; 0         ; 0    ; 0            ; |EightBit_Computer|PC:M6            ; PC                ; work         ;
;    |RAM:M9|                ; 28 (28)             ; 0 (0)                     ; 0           ; 0            ; 0       ; 0         ; 0    ; 0            ; |EightBit_Computer|RAM:M9           ; RAM               ; work         ;
;    |counter:M1|            ; 2 (2)               ; 8 (8)                     ; 0           ; 0            ; 0       ; 0         ; 0    ; 0            ; |EightBit_Computer|counter:M1       ; counter           ; work         ;
+----------------------------+---------------------+---------------------------+-------------+--------------+---------+-----------+------+--------------+-------------------------------------+-------------------+--------------+
Note: For table entries with two numbers listed, the numbers in parentheses indicate the number of resources of the given type used by the specific entity alone. The numbers listed outside of parentheses indicate the total resources of the given type used by the specific entity and all of its sub-entities in the hierarchy.


+--------------------------------------------------------------------------------------------------------+
; User-Specified and Inferred Latches                                                                    ;
+-----------------------------------------------------+-------------------------+------------------------+
; Latch Name                                          ; Latch Enable Signal     ; Free of Timing Hazards ;
+-----------------------------------------------------+-------------------------+------------------------+
; CLK_Generator:M0|CLK_TEMP                           ; CLK_Generator:M0|Equal0 ; yes                    ;
; CTRL:M2|IIR                                         ; IR:M8|Mux10             ; yes                    ;
; CTRL:M2|ESUM                                        ; IR:M8|Mux10             ; yes                    ;
; CTRL:M2|IA                                          ; IR:M8|Mux10             ; yes                    ;
; CTRL:M2|IDR                                         ; IR:M8|Mux10             ; yes                    ;
; CTRL:M2|ALU_SUB                                     ; IR:M8|Mux10             ; yes                    ;
; CTRL:M2|ALU_ADD                                     ; IR:M8|Mux10             ; yes                    ;
; CTRL:M2|ALU_SHL                                     ; IR:M8|Mux10             ; yes                    ;
; CTRL:M2|ALU_SHR                                     ; IR:M8|Mux10             ; yes                    ;
; CTRL:M2|ALU_NEG                                     ; IR:M8|Mux10             ; yes                    ;
; CTRL:M2|ALU_NOT                                     ; IR:M8|Mux10             ; yes                    ;
; CTRL:M2|ALU_XOR                                     ; IR:M8|Mux10             ; yes                    ;
; CTRL:M2|ALU_OR                                      ; IR:M8|Mux10             ; yes                    ;
; CTRL:M2|ALU_AND                                     ; IR:M8|Mux10             ; yes                    ;
; CTRL:M2|IMAR                                        ; IR:M8|Mux10             ; yes                    ;
; Number of user-specified and inferred latches = 15  ;                         ;                        ;
+-----------------------------------------------------+-------------------------+------------------------+
Note: All latches listed above may not be present at the end of synthesis due to various synthesis optimizations.


+------------------------------------------------------+
; General Register Statistics                          ;
+----------------------------------------------+-------+
; Statistic                                    ; Value ;
+----------------------------------------------+-------+
; Total registers                              ; 57    ;
; Number of registers using Synchronous Clear  ; 1     ;
; Number of registers using Synchronous Load   ; 0     ;
; Number of registers using Asynchronous Clear ; 19    ;
; Number of registers using Asynchronous Load  ; 0     ;
; Number of registers using Clock Enable       ; 35    ;
; Number of registers using Preset             ; 0     ;
+----------------------------------------------+-------+


+--------------------------------------------------+
; Inverted Register Statistics                     ;
+----------------------------------------+---------+
; Inverted Register                      ; Fan out ;
+----------------------------------------+---------+
; counter:M1|TEMP[0]                     ; 2       ;
; Total number of inverted registers = 1 ;         ;
+----------------------------------------+---------+


+------------------------------------------------------------------------------------------------------------------------------------------------+
; Multiplexer Restructuring Statistics (Restructuring Performed)                                                                                 ;
+--------------------+-----------+---------------+----------------------+------------------------+------------+----------------------------------+
; Multiplexer Inputs ; Bus Width ; Baseline Area ; Area if Restructured ; Saving if Restructured ; Registered ; Example Multiplexer Output       ;
+--------------------+-----------+---------------+----------------------+------------------------+------------+----------------------------------+
; 10:1               ; 6 bits    ; 36 LEs        ; 36 LEs               ; 0 LEs                  ; Yes        ; |EightBit_Computer|ALU:M3|tmp[1] ;
; 3:1                ; 8 bits    ; 16 LEs        ; 16 LEs               ; 0 LEs                  ; No         ; |EightBit_Computer|ALU:M3|Add0   ;
+--------------------+-----------+---------------+----------------------+------------------------+------------+----------------------------------+


+-------------------------------------------+
; Port Connectivity Checks: "RAM:M9"        ;
+---------+-------+----------+--------------+
; Port    ; Type  ; Severity ; Details      ;
+---------+-------+----------+--------------+
; wr      ; Input ; Info     ; Stuck at VCC ;
; cs      ; Input ; Info     ; Stuck at GND ;
; data_in ; Input ; Info     ; Stuck at GND ;
+---------+-------+----------+--------------+


+-----------------------------------------------------+
; Post-Synthesis Netlist Statistics for Top Partition ;
+-----------------------+-----------------------------+
; Type                  ; Count                       ;
+-----------------------+-----------------------------+
; boundary_port         ; 39                          ;
; cycloneiii_ff         ; 57                          ;
;     CLR               ; 14                          ;
;     ENA               ; 29                          ;
;     ENA CLR           ; 5                           ;
;     ENA SCLR          ; 1                           ;
;     plain             ; 8                           ;
; cycloneiii_io_obuf    ; 8                           ;
; cycloneiii_lcell_comb ; 187                         ;
;     arith             ; 15                          ;
;         2 data inputs ; 5                           ;
;         3 data inputs ; 10                          ;
;     normal            ; 172                         ;
;         1 data inputs ; 5                           ;
;         2 data inputs ; 18                          ;
;         3 data inputs ; 39                          ;
;         4 data inputs ; 110                         ;
;                       ;                             ;
; Max LUT depth         ; 6.00                        ;
; Average LUT depth     ; 3.85                        ;
+-----------------------+-----------------------------+


+-------------------------------+
; Elapsed Time Per Partition    ;
+----------------+--------------+
; Partition Name ; Elapsed Time ;
+----------------+--------------+
; Top            ; 00:00:01     ;
+----------------+--------------+


+-------------------------------+
; Analysis & Synthesis Messages ;
+-------------------------------+
Info: *******************************************************************
Info: Running Quartus Prime Analysis & Synthesis
    Info: Version 17.1.0 Build 590 10/25/2017 SJ Standard Edition
    Info: Processing started: Sat Jul 10 19:10:24 2021
Info: Command: quartus_map --read_settings_files=on --write_settings_files=off EightBit_Computer -c EightBit_Computer
Warning (18236): Number of processors has not been specified which may cause overloading on shared machines.  Set the global assignment NUM_PARALLEL_PROCESSORS in your QSF to an appropriate value for best performance.
Info (20030): Parallel compilation is enabled and will use 4 of the 4 processors detected
Warning (12125): Using design file eightbit_computer.vhd, which is not specified as a design file for the current project, but contains definitions for 2 design units and 1 entities in project
    Info (12022): Found design unit 1: EightBit_Computer-EightBit_Computer_arch File: C:/Users/ZTL/Desktop/model_computer/EightBit_Computer/eightbit_computer.vhd Line: 16
    Info (12023): Found entity 1: EightBit_Computer File: C:/Users/ZTL/Desktop/model_computer/EightBit_Computer/eightbit_computer.vhd Line: 6
Info (12127): Elaborating entity "EightBit_Computer" for the top level hierarchy
Warning (12125): Using design file clk_generator.vhd, which is not specified as a design file for the current project, but contains definitions for 2 design units and 1 entities in project
    Info (12022): Found design unit 1: CLK_Generator-CLK_Generator_arch File: C:/Users/ZTL/Desktop/model_computer/EightBit_Computer/clk_generator.vhd Line: 10
    Info (12023): Found entity 1: CLK_Generator File: C:/Users/ZTL/Desktop/model_computer/EightBit_Computer/clk_generator.vhd Line: 4
Info (12128): Elaborating entity "CLK_Generator" for hierarchy "CLK_Generator:M0" File: C:/Users/ZTL/Desktop/model_computer/EightBit_Computer/eightbit_computer.vhd Line: 112
Warning (10631): VHDL Process Statement warning at clk_generator.vhd(14): inferring latch(es) for signal or variable "CLK_TEMP", which holds its previous value in one or more paths through the process File: C:/Users/ZTL/Desktop/model_computer/EightBit_Computer/clk_generator.vhd Line: 14
Info (10041): Inferred latch for "CLK_TEMP" at clk_generator.vhd(14) File: C:/Users/ZTL/Desktop/model_computer/EightBit_Computer/clk_generator.vhd Line: 14
Warning (12125): Using design file counter.vhd, which is not specified as a design file for the current project, but contains definitions for 2 design units and 1 entities in project
    Info (12022): Found design unit 1: counter-counter_arch File: C:/Users/ZTL/Desktop/model_computer/EightBit_Computer/counter.vhd Line: 12
    Info (12023): Found entity 1: counter File: C:/Users/ZTL/Desktop/model_computer/EightBit_Computer/counter.vhd Line: 6
Info (12128): Elaborating entity "COUNTER" for hierarchy "COUNTER:M1" File: C:/Users/ZTL/Desktop/model_computer/EightBit_Computer/eightbit_computer.vhd Line: 113
Warning (12125): Using design file ctrl.vhd, which is not specified as a design file for the current project, but contains definitions for 2 design units and 1 entities in project
    Info (12022): Found design unit 1: CTRL-CTRL_arch File: C:/Users/ZTL/Desktop/model_computer/EightBit_Computer/ctrl.vhd Line: 14
    Info (12023): Found entity 1: CTRL File: C:/Users/ZTL/Desktop/model_computer/EightBit_Computer/ctrl.vhd Line: 6
Info (12128): Elaborating entity "CTRL" for hierarchy "CTRL:M2" File: C:/Users/ZTL/Desktop/model_computer/EightBit_Computer/eightbit_computer.vhd Line: 114
Warning (10492): VHDL Process Statement warning at ctrl.vhd(21): signal "cmd_or" is read inside the Process Statement but isn't in the Process Statement's sensitivity list File: C:/Users/ZTL/Desktop/model_computer/EightBit_Computer/ctrl.vhd Line: 21
Warning (10492): VHDL Process Statement warning at ctrl.vhd(21): signal "cmd_xor" is read inside the Process Statement but isn't in the Process Statement's sensitivity list File: C:/Users/ZTL/Desktop/model_computer/EightBit_Computer/ctrl.vhd Line: 21
Warning (10492): VHDL Process Statement warning at ctrl.vhd(21): signal "cmd_not" is read inside the Process Statement but isn't in the Process Statement's sensitivity list File: C:/Users/ZTL/Desktop/model_computer/EightBit_Computer/ctrl.vhd Line: 21
Warning (10492): VHDL Process Statement warning at ctrl.vhd(21): signal "cmd_neg" is read inside the Process Statement but isn't in the Process Statement's sensitivity list File: C:/Users/ZTL/Desktop/model_computer/EightBit_Computer/ctrl.vhd Line: 21
Warning (10492): VHDL Process Statement warning at ctrl.vhd(21): signal "cmd_shr" is read inside the Process Statement but isn't in the Process Statement's sensitivity list File: C:/Users/ZTL/Desktop/model_computer/EightBit_Computer/ctrl.vhd Line: 21
Warning (10492): VHDL Process Statement warning at ctrl.vhd(23): signal "cmd_or" is read inside the Process Statement but isn't in the Process Statement's sensitivity list File: C:/Users/ZTL/Desktop/model_computer/EightBit_Computer/ctrl.vhd Line: 23
Warning (10492): VHDL Process Statement warning at ctrl.vhd(23): signal "cmd_xor" is read inside the Process Statement but isn't in the Process Statement's sensitivity list File: C:/Users/ZTL/Desktop/model_computer/EightBit_Computer/ctrl.vhd Line: 23
Warning (10492): VHDL Process Statement warning at ctrl.vhd(23): signal "cmd_not" is read inside the Process Statement but isn't in the Process Statement's sensitivity list File: C:/Users/ZTL/Desktop/model_computer/EightBit_Computer/ctrl.vhd Line: 23
Warning (10492): VHDL Process Statement warning at ctrl.vhd(23): signal "cmd_neg" is read inside the Process Statement but isn't in the Process Statement's sensitivity list File: C:/Users/ZTL/Desktop/model_computer/EightBit_Computer/ctrl.vhd Line: 23
Warning (10492): VHDL Process Statement warning at ctrl.vhd(23): signal "cmd_shr" is read inside the Process Statement but isn't in the Process Statement's sensitivity list File: C:/Users/ZTL/Desktop/model_computer/EightBit_Computer/ctrl.vhd Line: 23
Warning (10492): VHDL Process Statement warning at ctrl.vhd(24): signal "cmd_or" is read inside the Process Statement but isn't in the Process Statement's sensitivity list File: C:/Users/ZTL/Desktop/model_computer/EightBit_Computer/ctrl.vhd Line: 24
Warning (10492): VHDL Process Statement warning at ctrl.vhd(24): signal "cmd_xor" is read inside the Process Statement but isn't in the Process Statement's sensitivity list File: C:/Users/ZTL/Desktop/model_computer/EightBit_Computer/ctrl.vhd Line: 24
Warning (10492): VHDL Process Statement warning at ctrl.vhd(24): signal "cmd_not" is read inside the Process Statement but isn't in the Process Statement's sensitivity list File: C:/Users/ZTL/Desktop/model_computer/EightBit_Computer/ctrl.vhd Line: 24
Warning (10492): VHDL Process Statement warning at ctrl.vhd(24): signal "cmd_neg" is read inside the Process Statement but isn't in the Process Statement's sensitivity list File: C:/Users/ZTL/Desktop/model_computer/EightBit_Computer/ctrl.vhd Line: 24
Warning (10492): VHDL Process Statement warning at ctrl.vhd(24): signal "cmd_shr" is read inside the Process Statement but isn't in the Process Statement's sensitivity list File: C:/Users/ZTL/Desktop/model_computer/EightBit_Computer/ctrl.vhd Line: 24
Warning (10492): VHDL Process Statement warning at ctrl.vhd(25): signal "cmd_or" is read inside the Process Statement but isn't in the Process Statement's sensitivity list File: C:/Users/ZTL/Desktop/model_computer/EightBit_Computer/ctrl.vhd Line: 25
Warning (10492): VHDL Process Statement warning at ctrl.vhd(25): signal "cmd_xor" is read inside the Process Statement but isn't in the Process Statement's sensitivity list File: C:/Users/ZTL/Desktop/model_computer/EightBit_Computer/ctrl.vhd Line: 25
Warning (10492): VHDL Process Statement warning at ctrl.vhd(29): signal "cmd_or" is read inside the Process Statement but isn't in the Process Statement's sensitivity list File: C:/Users/ZTL/Desktop/model_computer/EightBit_Computer/ctrl.vhd Line: 29
Warning (10492): VHDL Process Statement warning at ctrl.vhd(30): signal "cmd_xor" is read inside the Process Statement but isn't in the Process Statement's sensitivity list File: C:/Users/ZTL/Desktop/model_computer/EightBit_Computer/ctrl.vhd Line: 30
Warning (10492): VHDL Process Statement warning at ctrl.vhd(31): signal "cmd_not" is read inside the Process Statement but isn't in the Process Statement's sensitivity list File: C:/Users/ZTL/Desktop/model_computer/EightBit_Computer/ctrl.vhd Line: 31
Warning (10492): VHDL Process Statement warning at ctrl.vhd(32): signal "cmd_neg" is read inside the Process Statement but isn't in the Process Statement's sensitivity list File: C:/Users/ZTL/Desktop/model_computer/EightBit_Computer/ctrl.vhd Line: 32
Warning (10492): VHDL Process Statement warning at ctrl.vhd(34): signal "cmd_shr" is read inside the Process Statement but isn't in the Process Statement's sensitivity list File: C:/Users/ZTL/Desktop/model_computer/EightBit_Computer/ctrl.vhd Line: 34
Warning (10492): VHDL Process Statement warning at ctrl.vhd(35): signal "cmd_or" is read inside the Process Statement but isn't in the Process Statement's sensitivity list File: C:/Users/ZTL/Desktop/model_computer/EightBit_Computer/ctrl.vhd Line: 35
Warning (10492): VHDL Process Statement warning at ctrl.vhd(35): signal "cmd_xor" is read inside the Process Statement but isn't in the Process Statement's sensitivity list File: C:/Users/ZTL/Desktop/model_computer/EightBit_Computer/ctrl.vhd Line: 35
Warning (10492): VHDL Process Statement warning at ctrl.vhd(35): signal "cmd_not" is read inside the Process Statement but isn't in the Process Statement's sensitivity list File: C:/Users/ZTL/Desktop/model_computer/EightBit_Computer/ctrl.vhd Line: 35
Warning (10492): VHDL Process Statement warning at ctrl.vhd(35): signal "cmd_neg" is read inside the Process Statement but isn't in the Process Statement's sensitivity list File: C:/Users/ZTL/Desktop/model_computer/EightBit_Computer/ctrl.vhd Line: 35
Warning (10492): VHDL Process Statement warning at ctrl.vhd(35): signal "cmd_shr" is read inside the Process Statement but isn't in the Process Statement's sensitivity list File: C:/Users/ZTL/Desktop/model_computer/EightBit_Computer/ctrl.vhd Line: 35
Warning (10631): VHDL Process Statement warning at ctrl.vhd(16): inferring latch(es) for signal or variable "IMAR", which holds its previous value in one or more paths through the process File: C:/Users/ZTL/Desktop/model_computer/EightBit_Computer/ctrl.vhd Line: 16
Warning (10631): VHDL Process Statement warning at ctrl.vhd(16): inferring latch(es) for signal or variable "IIR", which holds its previous value in one or more paths through the process File: C:/Users/ZTL/Desktop/model_computer/EightBit_Computer/ctrl.vhd Line: 16
Warning (10631): VHDL Process Statement warning at ctrl.vhd(16): inferring latch(es) for signal or variable "IA", which holds its previous value in one or more paths through the process File: C:/Users/ZTL/Desktop/model_computer/EightBit_Computer/ctrl.vhd Line: 16
Warning (10631): VHDL Process Statement warning at ctrl.vhd(16): inferring latch(es) for signal or variable "IDR", which holds its previous value in one or more paths through the process File: C:/Users/ZTL/Desktop/model_computer/EightBit_Computer/ctrl.vhd Line: 16
Warning (10631): VHDL Process Statement warning at ctrl.vhd(16): inferring latch(es) for signal or variable "ALU_ADD", which holds its previous value in one or more paths through the process File: C:/Users/ZTL/Desktop/model_computer/EightBit_Computer/ctrl.vhd Line: 16
Warning (10631): VHDL Process Statement warning at ctrl.vhd(16): inferring latch(es) for signal or variable "ALU_SUB", which holds its previous value in one or more paths through the process File: C:/Users/ZTL/Desktop/model_computer/EightBit_Computer/ctrl.vhd Line: 16
Warning (10631): VHDL Process Statement warning at ctrl.vhd(16): inferring latch(es) for signal or variable "ALU_AND", which holds its previous value in one or more paths through the process File: C:/Users/ZTL/Desktop/model_computer/EightBit_Computer/ctrl.vhd Line: 16
Warning (10631): VHDL Process Statement warning at ctrl.vhd(16): inferring latch(es) for signal or variable "ALU_OR", which holds its previous value in one or more paths through the process File: C:/Users/ZTL/Desktop/model_computer/EightBit_Computer/ctrl.vhd Line: 16
Warning (10631): VHDL Process Statement warning at ctrl.vhd(16): inferring latch(es) for signal or variable "ALU_XOR", which holds its previous value in one or more paths through the process File: C:/Users/ZTL/Desktop/model_computer/EightBit_Computer/ctrl.vhd Line: 16
Warning (10631): VHDL Process Statement warning at ctrl.vhd(16): inferring latch(es) for signal or variable "ALU_NOT", which holds its previous value in one or more paths through the process File: C:/Users/ZTL/Desktop/model_computer/EightBit_Computer/ctrl.vhd Line: 16
Warning (10631): VHDL Process Statement warning at ctrl.vhd(16): inferring latch(es) for signal or variable "ALU_NEG", which holds its previous value in one or more paths through the process File: C:/Users/ZTL/Desktop/model_computer/EightBit_Computer/ctrl.vhd Line: 16
Warning (10631): VHDL Process Statement warning at ctrl.vhd(16): inferring latch(es) for signal or variable "ALU_SHL", which holds its previous value in one or more paths through the process File: C:/Users/ZTL/Desktop/model_computer/EightBit_Computer/ctrl.vhd Line: 16
Warning (10631): VHDL Process Statement warning at ctrl.vhd(16): inferring latch(es) for signal or variable "ALU_SHR", which holds its previous value in one or more paths through the process File: C:/Users/ZTL/Desktop/model_computer/EightBit_Computer/ctrl.vhd Line: 16
Warning (10631): VHDL Process Statement warning at ctrl.vhd(16): inferring latch(es) for signal or variable "ESUM", which holds its previous value in one or more paths through the process File: C:/Users/ZTL/Desktop/model_computer/EightBit_Computer/ctrl.vhd Line: 16
Warning (10631): VHDL Process Statement warning at ctrl.vhd(16): inferring latch(es) for signal or variable "EA", which holds its previous value in one or more paths through the process File: C:/Users/ZTL/Desktop/model_computer/EightBit_Computer/ctrl.vhd Line: 16
Warning (10631): VHDL Process Statement warning at ctrl.vhd(16): inferring latch(es) for signal or variable "EDR", which holds its previous value in one or more paths through the process File: C:/Users/ZTL/Desktop/model_computer/EightBit_Computer/ctrl.vhd Line: 16
Info (10041): Inferred latch for "EDR" at ctrl.vhd(16) File: C:/Users/ZTL/Desktop/model_computer/EightBit_Computer/ctrl.vhd Line: 16
Info (10041): Inferred latch for "EA" at ctrl.vhd(16) File: C:/Users/ZTL/Desktop/model_computer/EightBit_Computer/ctrl.vhd Line: 16
Info (10041): Inferred latch for "ESUM" at ctrl.vhd(16) File: C:/Users/ZTL/Desktop/model_computer/EightBit_Computer/ctrl.vhd Line: 16
Info (10041): Inferred latch for "ALU_SHR" at ctrl.vhd(16) File: C:/Users/ZTL/Desktop/model_computer/EightBit_Computer/ctrl.vhd Line: 16
Info (10041): Inferred latch for "ALU_SHL" at ctrl.vhd(16) File: C:/Users/ZTL/Desktop/model_computer/EightBit_Computer/ctrl.vhd Line: 16
Info (10041): Inferred latch for "ALU_NEG" at ctrl.vhd(16) File: C:/Users/ZTL/Desktop/model_computer/EightBit_Computer/ctrl.vhd Line: 16
Info (10041): Inferred latch for "ALU_NOT" at ctrl.vhd(16) File: C:/Users/ZTL/Desktop/model_computer/EightBit_Computer/ctrl.vhd Line: 16
Info (10041): Inferred latch for "ALU_XOR" at ctrl.vhd(16) File: C:/Users/ZTL/Desktop/model_computer/EightBit_Computer/ctrl.vhd Line: 16
Info (10041): Inferred latch for "ALU_OR" at ctrl.vhd(16) File: C:/Users/ZTL/Desktop/model_computer/EightBit_Computer/ctrl.vhd Line: 16
Info (10041): Inferred latch for "ALU_AND" at ctrl.vhd(16) File: C:/Users/ZTL/Desktop/model_computer/EightBit_Computer/ctrl.vhd Line: 16
Info (10041): Inferred latch for "ALU_SUB" at ctrl.vhd(16) File: C:/Users/ZTL/Desktop/model_computer/EightBit_Computer/ctrl.vhd Line: 16
Info (10041): Inferred latch for "ALU_ADD" at ctrl.vhd(16) File: C:/Users/ZTL/Desktop/model_computer/EightBit_Computer/ctrl.vhd Line: 16
Info (10041): Inferred latch for "IDR" at ctrl.vhd(16) File: C:/Users/ZTL/Desktop/model_computer/EightBit_Computer/ctrl.vhd Line: 16
Info (10041): Inferred latch for "IA" at ctrl.vhd(16) File: C:/Users/ZTL/Desktop/model_computer/EightBit_Computer/ctrl.vhd Line: 16
Info (10041): Inferred latch for "IIR" at ctrl.vhd(16) File: C:/Users/ZTL/Desktop/model_computer/EightBit_Computer/ctrl.vhd Line: 16
Info (10041): Inferred latch for "IMAR" at ctrl.vhd(16) File: C:/Users/ZTL/Desktop/model_computer/EightBit_Computer/ctrl.vhd Line: 16
Warning (12125): Using design file alu.vhd, which is not specified as a design file for the current project, but contains definitions for 2 design units and 1 entities in project
    Info (12022): Found design unit 1: ALU-ALU_arch File: C:/Users/ZTL/Desktop/model_computer/EightBit_Computer/alu.vhd Line: 26
    Info (12023): Found entity 1: ALU File: C:/Users/ZTL/Desktop/model_computer/EightBit_Computer/alu.vhd Line: 6
Info (12128): Elaborating entity "ALU" for hierarchy "ALU:M3" File: C:/Users/ZTL/Desktop/model_computer/EightBit_Computer/eightbit_computer.vhd Line: 117
Warning (12125): Using design file acc.vhd, which is not specified as a design file for the current project, but contains definitions for 2 design units and 1 entities in project
    Info (12022): Found design unit 1: ACC-ACC_arch File: C:/Users/ZTL/Desktop/model_computer/EightBit_Computer/acc.vhd Line: 13
    Info (12023): Found entity 1: ACC File: C:/Users/ZTL/Desktop/model_computer/EightBit_Computer/acc.vhd Line: 4
Info (12128): Elaborating entity "ACC" for hierarchy "ACC:M4" File: C:/Users/ZTL/Desktop/model_computer/EightBit_Computer/eightbit_computer.vhd Line: 118
Warning (12125): Using design file dr.vhd, which is not specified as a design file for the current project, but contains definitions for 2 design units and 1 entities in project
    Info (12022): Found design unit 1: DR-DR_arch File: C:/Users/ZTL/Desktop/model_computer/EightBit_Computer/dr.vhd Line: 11
    Info (12023): Found entity 1: DR File: C:/Users/ZTL/Desktop/model_computer/EightBit_Computer/dr.vhd Line: 3
Info (12128): Elaborating entity "DR" for hierarchy "DR:M5" File: C:/Users/ZTL/Desktop/model_computer/EightBit_Computer/eightbit_computer.vhd Line: 119
Warning (12125): Using design file pc.vhd, which is not specified as a design file for the current project, but contains definitions for 2 design units and 1 entities in project
    Info (12022): Found design unit 1: PC-PC_arch File: C:/Users/ZTL/Desktop/model_computer/EightBit_Computer/pc.vhd Line: 11
    Info (12023): Found entity 1: PC File: C:/Users/ZTL/Desktop/model_computer/EightBit_Computer/pc.vhd Line: 5
Info (12128): Elaborating entity "PC" for hierarchy "PC:M6" File: C:/Users/ZTL/Desktop/model_computer/EightBit_Computer/eightbit_computer.vhd Line: 120
Warning (12125): Using design file mar.vhd, which is not specified as a design file for the current project, but contains definitions for 2 design units and 1 entities in project
    Info (12022): Found design unit 1: MAR-MAR_arch File: C:/Users/ZTL/Desktop/model_computer/EightBit_Computer/mar.vhd Line: 11
    Info (12023): Found entity 1: MAR File: C:/Users/ZTL/Desktop/model_computer/EightBit_Computer/mar.vhd Line: 3
Info (12128): Elaborating entity "MAR" for hierarchy "MAR:M7" File: C:/Users/ZTL/Desktop/model_computer/EightBit_Computer/eightbit_computer.vhd Line: 121
Warning (12125): Using design file ir.vhd, which is not specified as a design file for the current project, but contains definitions for 2 design units and 1 entities in project
    Info (12022): Found design unit 1: IR-IR_arch File: C:/Users/ZTL/Desktop/model_computer/EightBit_Computer/ir.vhd Line: 11
    Info (12023): Found entity 1: IR File: C:/Users/ZTL/Desktop/model_computer/EightBit_Computer/ir.vhd Line: 3
Info (12128): Elaborating entity "IR" for hierarchy "IR:M8" File: C:/Users/ZTL/Desktop/model_computer/EightBit_Computer/eightbit_computer.vhd Line: 122
Warning (12125): Using design file ram.vhd, which is not specified as a design file for the current project, but contains definitions for 2 design units and 1 entities in project
    Info (12022): Found design unit 1: RAM-RAM_arch File: C:/Users/ZTL/Desktop/model_computer/EightBit_Computer/ram.vhd Line: 14
    Info (12023): Found entity 1: RAM File: C:/Users/ZTL/Desktop/model_computer/EightBit_Computer/ram.vhd Line: 6
Info (12128): Elaborating entity "RAM" for hierarchy "RAM:M9" File: C:/Users/ZTL/Desktop/model_computer/EightBit_Computer/eightbit_computer.vhd Line: 123
Warning (10492): VHDL Process Statement warning at ram.vhd(57): signal "DATA_IN" is read inside the Process Statement but isn't in the Process Statement's sensitivity list File: C:/Users/ZTL/Desktop/model_computer/EightBit_Computer/ram.vhd Line: 57
Warning (10631): VHDL Process Statement warning at ram.vhd(17): inferring latch(es) for signal or variable "DATA_OUT", which holds its previous value in one or more paths through the process File: C:/Users/ZTL/Desktop/model_computer/EightBit_Computer/ram.vhd Line: 17
Info (10041): Inferred latch for "DATA_OUT[0]" at ram.vhd(17) File: C:/Users/ZTL/Desktop/model_computer/EightBit_Computer/ram.vhd Line: 17
Info (10041): Inferred latch for "DATA_OUT[1]" at ram.vhd(17) File: C:/Users/ZTL/Desktop/model_computer/EightBit_Computer/ram.vhd Line: 17
Info (10041): Inferred latch for "DATA_OUT[2]" at ram.vhd(17) File: C:/Users/ZTL/Desktop/model_computer/EightBit_Computer/ram.vhd Line: 17
Info (10041): Inferred latch for "DATA_OUT[3]" at ram.vhd(17) File: C:/Users/ZTL/Desktop/model_computer/EightBit_Computer/ram.vhd Line: 17
Info (10041): Inferred latch for "DATA_OUT[4]" at ram.vhd(17) File: C:/Users/ZTL/Desktop/model_computer/EightBit_Computer/ram.vhd Line: 17
Info (10041): Inferred latch for "DATA_OUT[5]" at ram.vhd(17) File: C:/Users/ZTL/Desktop/model_computer/EightBit_Computer/ram.vhd Line: 17
Info (10041): Inferred latch for "DATA_OUT[6]" at ram.vhd(17) File: C:/Users/ZTL/Desktop/model_computer/EightBit_Computer/ram.vhd Line: 17
Info (10041): Inferred latch for "DATA_OUT[7]" at ram.vhd(17) File: C:/Users/ZTL/Desktop/model_computer/EightBit_Computer/ram.vhd Line: 17
Warning (14026): LATCH primitive "RAM:M9|DATA_OUT[5]" is permanently enabled File: C:/Users/ZTL/Desktop/model_computer/EightBit_Computer/ram.vhd Line: 17
Warning (14026): LATCH primitive "RAM:M9|DATA_OUT[4]" is permanently enabled File: C:/Users/ZTL/Desktop/model_computer/EightBit_Computer/ram.vhd Line: 17
Warning (14026): LATCH primitive "RAM:M9|DATA_OUT[3]" is permanently enabled File: C:/Users/ZTL/Desktop/model_computer/EightBit_Computer/ram.vhd Line: 17
Warning (14026): LATCH primitive "RAM:M9|DATA_OUT[2]" is permanently enabled File: C:/Users/ZTL/Desktop/model_computer/EightBit_Computer/ram.vhd Line: 17
Warning (14026): LATCH primitive "RAM:M9|DATA_OUT[1]" is permanently enabled File: C:/Users/ZTL/Desktop/model_computer/EightBit_Computer/ram.vhd Line: 17
Warning (14026): LATCH primitive "RAM:M9|DATA_OUT[0]" is permanently enabled File: C:/Users/ZTL/Desktop/model_computer/EightBit_Computer/ram.vhd Line: 17
Warning (14026): LATCH primitive "RAM:M9|DATA_OUT[7]" is permanently enabled File: C:/Users/ZTL/Desktop/model_computer/EightBit_Computer/ram.vhd Line: 17
Warning (14026): LATCH primitive "RAM:M9|DATA_OUT[6]" is permanently enabled File: C:/Users/ZTL/Desktop/model_computer/EightBit_Computer/ram.vhd Line: 17
Warning (13044): Always-enabled tri-state buffer(s) removed
    Warning (13045): Converted the fanout from the always-enabled tri-state buffer "ACC:M4|DATA_OUT[0]" to the node "r_out[0]" into a wire File: C:/Users/ZTL/Desktop/model_computer/EightBit_Computer/acc.vhd Line: 10
    Warning (13045): Converted the fanout from the always-enabled tri-state buffer "ACC:M4|DATA_OUT[1]" to the node "r_out[1]" into a wire File: C:/Users/ZTL/Desktop/model_computer/EightBit_Computer/acc.vhd Line: 10
    Warning (13045): Converted the fanout from the always-enabled tri-state buffer "ACC:M4|DATA_OUT[2]" to the node "r_out[2]" into a wire File: C:/Users/ZTL/Desktop/model_computer/EightBit_Computer/acc.vhd Line: 10
    Warning (13045): Converted the fanout from the always-enabled tri-state buffer "ACC:M4|DATA_OUT[3]" to the node "r_out[3]" into a wire File: C:/Users/ZTL/Desktop/model_computer/EightBit_Computer/acc.vhd Line: 10
    Warning (13045): Converted the fanout from the always-enabled tri-state buffer "ACC:M4|DATA_OUT[4]" to the node "r_out[4]" into a wire File: C:/Users/ZTL/Desktop/model_computer/EightBit_Computer/acc.vhd Line: 10
    Warning (13045): Converted the fanout from the always-enabled tri-state buffer "ACC:M4|DATA_OUT[5]" to the node "r_out[5]" into a wire File: C:/Users/ZTL/Desktop/model_computer/EightBit_Computer/acc.vhd Line: 10
    Warning (13045): Converted the fanout from the always-enabled tri-state buffer "ACC:M4|DATA_OUT[6]" to the node "r_out[6]" into a wire File: C:/Users/ZTL/Desktop/model_computer/EightBit_Computer/acc.vhd Line: 10
    Warning (13045): Converted the fanout from the always-enabled tri-state buffer "ACC:M4|DATA_OUT[7]" to the node "r_out[7]" into a wire File: C:/Users/ZTL/Desktop/model_computer/EightBit_Computer/acc.vhd Line: 10
    Warning (13045): Converted the fanout from the always-enabled tri-state buffer "DR:M5|DATA_OUT[0]" to the node "d_out[0]" into a wire File: C:/Users/ZTL/Desktop/model_computer/EightBit_Computer/dr.vhd Line: 9
    Warning (13045): Converted the fanout from the always-enabled tri-state buffer "DR:M5|DATA_OUT[1]" to the node "d_out[1]" into a wire File: C:/Users/ZTL/Desktop/model_computer/EightBit_Computer/dr.vhd Line: 9
    Warning (13045): Converted the fanout from the always-enabled tri-state buffer "DR:M5|DATA_OUT[2]" to the node "d_out[2]" into a wire File: C:/Users/ZTL/Desktop/model_computer/EightBit_Computer/dr.vhd Line: 9
    Warning (13045): Converted the fanout from the always-enabled tri-state buffer "DR:M5|DATA_OUT[3]" to the node "d_out[3]" into a wire File: C:/Users/ZTL/Desktop/model_computer/EightBit_Computer/dr.vhd Line: 9
    Warning (13045): Converted the fanout from the always-enabled tri-state buffer "DR:M5|DATA_OUT[4]" to the node "d_out[4]" into a wire File: C:/Users/ZTL/Desktop/model_computer/EightBit_Computer/dr.vhd Line: 9
    Warning (13045): Converted the fanout from the always-enabled tri-state buffer "DR:M5|DATA_OUT[5]" to the node "d_out[5]" into a wire File: C:/Users/ZTL/Desktop/model_computer/EightBit_Computer/dr.vhd Line: 9
    Warning (13045): Converted the fanout from the always-enabled tri-state buffer "DR:M5|DATA_OUT[6]" to the node "d_out[6]" into a wire File: C:/Users/ZTL/Desktop/model_computer/EightBit_Computer/dr.vhd Line: 9
    Warning (13045): Converted the fanout from the always-enabled tri-state buffer "DR:M5|DATA_OUT[7]" to the node "d_out[7]" into a wire File: C:/Users/ZTL/Desktop/model_computer/EightBit_Computer/dr.vhd Line: 9
Warning (13046): Tri-state node(s) do not directly drive top-level pin(s)
    Warning (13047): Converted the fan-out from the tri-state buffer "ACC:M4|DATA_OUT[0]" to the node "ALU:M3|tmp" into an OR gate File: C:/Users/ZTL/Desktop/model_computer/EightBit_Computer/acc.vhd Line: 10
    Warning (13047): Converted the fan-out from the tri-state buffer "ACC:M4|DATA_OUT[1]" to the node "ALU:M3|tmp" into an OR gate File: C:/Users/ZTL/Desktop/model_computer/EightBit_Computer/acc.vhd Line: 10
    Warning (13047): Converted the fan-out from the tri-state buffer "ACC:M4|DATA_OUT[2]" to the node "ALU:M3|tmp" into an OR gate File: C:/Users/ZTL/Desktop/model_computer/EightBit_Computer/acc.vhd Line: 10
    Warning (13047): Converted the fan-out from the tri-state buffer "ACC:M4|DATA_OUT[3]" to the node "ALU:M3|tmp" into an OR gate File: C:/Users/ZTL/Desktop/model_computer/EightBit_Computer/acc.vhd Line: 10
    Warning (13047): Converted the fan-out from the tri-state buffer "ACC:M4|DATA_OUT[4]" to the node "ALU:M3|tmp" into an OR gate File: C:/Users/ZTL/Desktop/model_computer/EightBit_Computer/acc.vhd Line: 10
    Warning (13047): Converted the fan-out from the tri-state buffer "ACC:M4|DATA_OUT[5]" to the node "ALU:M3|tmp" into an OR gate File: C:/Users/ZTL/Desktop/model_computer/EightBit_Computer/acc.vhd Line: 10
    Warning (13047): Converted the fan-out from the tri-state buffer "ACC:M4|DATA_OUT[6]" to the node "ALU:M3|tmp" into an OR gate File: C:/Users/ZTL/Desktop/model_computer/EightBit_Computer/acc.vhd Line: 10
    Warning (13047): Converted the fan-out from the tri-state buffer "ACC:M4|DATA_OUT[7]" to the node "ALU:M3|tmp" into an OR gate File: C:/Users/ZTL/Desktop/model_computer/EightBit_Computer/acc.vhd Line: 10
    Warning (13047): Converted the fan-out from the tri-state buffer "DR:M5|DATA_OUT[0]" to the node "ALU:M3|tmp" into an OR gate File: C:/Users/ZTL/Desktop/model_computer/EightBit_Computer/dr.vhd Line: 9
    Warning (13047): Converted the fan-out from the tri-state buffer "DR:M5|DATA_OUT[1]" to the node "ALU:M3|tmp" into an OR gate File: C:/Users/ZTL/Desktop/model_computer/EightBit_Computer/dr.vhd Line: 9
    Warning (13047): Converted the fan-out from the tri-state buffer "DR:M5|DATA_OUT[2]" to the node "ALU:M3|tmp" into an OR gate File: C:/Users/ZTL/Desktop/model_computer/EightBit_Computer/dr.vhd Line: 9
    Warning (13047): Converted the fan-out from the tri-state buffer "DR:M5|DATA_OUT[3]" to the node "ALU:M3|tmp" into an OR gate File: C:/Users/ZTL/Desktop/model_computer/EightBit_Computer/dr.vhd Line: 9
    Warning (13047): Converted the fan-out from the tri-state buffer "DR:M5|DATA_OUT[4]" to the node "ALU:M3|tmp" into an OR gate File: C:/Users/ZTL/Desktop/model_computer/EightBit_Computer/dr.vhd Line: 9
    Warning (13047): Converted the fan-out from the tri-state buffer "DR:M5|DATA_OUT[5]" to the node "ALU:M3|tmp" into an OR gate File: C:/Users/ZTL/Desktop/model_computer/EightBit_Computer/dr.vhd Line: 9
    Warning (13047): Converted the fan-out from the tri-state buffer "DR:M5|DATA_OUT[6]" to the node "ALU:M3|tmp" into an OR gate File: C:/Users/ZTL/Desktop/model_computer/EightBit_Computer/dr.vhd Line: 9
    Warning (13047): Converted the fan-out from the tri-state buffer "DR:M5|DATA_OUT[7]" to the node "ALU:M3|tmp" into an OR gate File: C:/Users/ZTL/Desktop/model_computer/EightBit_Computer/dr.vhd Line: 9
Warning (13012): Latch CTRL:M2|ESUM has unsafe behavior File: C:/Users/ZTL/Desktop/model_computer/EightBit_Computer/ctrl.vhd Line: 11
    Warning (13013): Ports D and ENA on the latch are fed by the same signal IR:M8|REGQ[0] File: C:/Users/ZTL/Desktop/model_computer/EightBit_Computer/ir.vhd Line: 16
Warning (13012): Latch CTRL:M2|IA has unsafe behavior File: C:/Users/ZTL/Desktop/model_computer/EightBit_Computer/ctrl.vhd Line: 11
    Warning (13013): Ports D and ENA on the latch are fed by the same signal IR:M8|REGQ[0] File: C:/Users/ZTL/Desktop/model_computer/EightBit_Computer/ir.vhd Line: 16
Warning (13012): Latch CTRL:M2|IDR has unsafe behavior File: C:/Users/ZTL/Desktop/model_computer/EightBit_Computer/ctrl.vhd Line: 11
    Warning (13013): Ports D and ENA on the latch are fed by the same signal IR:M8|REGQ[0] File: C:/Users/ZTL/Desktop/model_computer/EightBit_Computer/ir.vhd Line: 16
Warning (13012): Latch CTRL:M2|ALU_SUB has unsafe behavior File: C:/Users/ZTL/Desktop/model_computer/EightBit_Computer/ctrl.vhd Line: 11
    Warning (13013): Ports D and ENA on the latch are fed by the same signal IR:M8|REGQ[0] File: C:/Users/ZTL/Desktop/model_computer/EightBit_Computer/ir.vhd Line: 16
Warning (13012): Latch CTRL:M2|ALU_ADD has unsafe behavior File: C:/Users/ZTL/Desktop/model_computer/EightBit_Computer/ctrl.vhd Line: 11
    Warning (13013): Ports D and ENA on the latch are fed by the same signal IR:M8|REGQ[0] File: C:/Users/ZTL/Desktop/model_computer/EightBit_Computer/ir.vhd Line: 16
Warning (13012): Latch CTRL:M2|ALU_SHL has unsafe behavior File: C:/Users/ZTL/Desktop/model_computer/EightBit_Computer/ctrl.vhd Line: 11
    Warning (13013): Ports D and ENA on the latch are fed by the same signal IR:M8|REGQ[0] File: C:/Users/ZTL/Desktop/model_computer/EightBit_Computer/ir.vhd Line: 16
Warning (13012): Latch CTRL:M2|ALU_SHR has unsafe behavior File: C:/Users/ZTL/Desktop/model_computer/EightBit_Computer/ctrl.vhd Line: 11
    Warning (13013): Ports D and ENA on the latch are fed by the same signal IR:M8|REGQ[0] File: C:/Users/ZTL/Desktop/model_computer/EightBit_Computer/ir.vhd Line: 16
Warning (13012): Latch CTRL:M2|ALU_NEG has unsafe behavior File: C:/Users/ZTL/Desktop/model_computer/EightBit_Computer/ctrl.vhd Line: 11
    Warning (13013): Ports D and ENA on the latch are fed by the same signal IR:M8|REGQ[0] File: C:/Users/ZTL/Desktop/model_computer/EightBit_Computer/ir.vhd Line: 16
Warning (13012): Latch CTRL:M2|ALU_NOT has unsafe behavior File: C:/Users/ZTL/Desktop/model_computer/EightBit_Computer/ctrl.vhd Line: 11
    Warning (13013): Ports D and ENA on the latch are fed by the same signal IR:M8|REGQ[0] File: C:/Users/ZTL/Desktop/model_computer/EightBit_Computer/ir.vhd Line: 16
Warning (13012): Latch CTRL:M2|ALU_XOR has unsafe behavior File: C:/Users/ZTL/Desktop/model_computer/EightBit_Computer/ctrl.vhd Line: 11
    Warning (13013): Ports D and ENA on the latch are fed by the same signal IR:M8|REGQ[0] File: C:/Users/ZTL/Desktop/model_computer/EightBit_Computer/ir.vhd Line: 16
Warning (13012): Latch CTRL:M2|ALU_OR has unsafe behavior File: C:/Users/ZTL/Desktop/model_computer/EightBit_Computer/ctrl.vhd Line: 11
    Warning (13013): Ports D and ENA on the latch are fed by the same signal IR:M8|REGQ[0] File: C:/Users/ZTL/Desktop/model_computer/EightBit_Computer/ir.vhd Line: 16
Warning (13012): Latch CTRL:M2|ALU_AND has unsafe behavior File: C:/Users/ZTL/Desktop/model_computer/EightBit_Computer/ctrl.vhd Line: 11
    Warning (13013): Ports D and ENA on the latch are fed by the same signal IR:M8|REGQ[0] File: C:/Users/ZTL/Desktop/model_computer/EightBit_Computer/ir.vhd Line: 16
Warning (13012): Latch CTRL:M2|IMAR has unsafe behavior File: C:/Users/ZTL/Desktop/model_computer/EightBit_Computer/ctrl.vhd Line: 11
    Warning (13013): Ports D and ENA on the latch are fed by the same signal IR:M8|REGQ[0] File: C:/Users/ZTL/Desktop/model_computer/EightBit_Computer/ir.vhd Line: 16
Info (13000): Registers with preset signals will power-up high File: C:/Users/ZTL/Desktop/model_computer/EightBit_Computer/counter.vhd Line: 25
Info (13003): DEV_CLRn pin will set, and not reset, register with preset signal due to NOT Gate Push-Back
Info (286030): Timing-Driven Synthesis is running
Critical Warning (18061): Ignored Power-Up Level option on the following registers
    Critical Warning (18010): Register counter:M1|TEMP[0] will power up to High File: C:/Users/ZTL/Desktop/model_computer/EightBit_Computer/counter.vhd Line: 25
Info (16010): Generating hard_block partition "hard_block:auto_generated_inst"
    Info (16011): Adding 0 node(s), including 0 DDIO, 0 PLL, 0 transceiver and 0 LCELL
Info (21057): Implemented 256 device resources after synthesis - the final resource count might be different
    Info (21058): Implemented 3 input pins
    Info (21059): Implemented 36 output pins
    Info (21061): Implemented 217 logic cells
Info: Quartus Prime Analysis & Synthesis was successful. 0 errors, 128 warnings
    Info: Peak virtual memory: 4793 megabytes
    Info: Processing ended: Sat Jul 10 19:10:44 2021
    Info: Elapsed time: 00:00:20
    Info: Total CPU time (on all processors): 00:00:41


