Flow report for EightBit_Computer
Sat Jul 10 19:11:07 2021
Quartus Prime Version 17.1.0 Build 590 10/25/2017 SJ Standard Edition


---------------------
; Table of Contents ;
---------------------
  1. Legal Notice
  2. Flow Summary
  3. Flow Settings
  4. Flow Non-Default Global Settings
  5. Flow Elapsed Time
  6. Flow OS Summary
  7. Flow Log
  8. Flow Messages
  9. Flow Suppressed Messages



----------------
; Legal Notice ;
----------------
Copyright (C) 2017  Intel Corporation. All rights reserved.
Your use of Intel Corporation's design tools, logic functions 
and other software and tools, and its AMPP partner logic 
functions, and any output files from any of the foregoing 
(including device programming or simulation files), and any 
associated documentation or information are expressly subject 
to the terms and conditions of the Intel Program License 
Subscription Agreement, the Intel Quartus Prime License Agreement,
the Intel FPGA IP License Agreement, or other applicable license
agreement, including, without limitation, that your use is for
the sole purpose of programming logic devices manufactured by
Intel and sold by Intel or its authorized distributors.  Please
refer to the applicable agreement for further details.



+--------------------------------------------------------------------------------------+
; Flow Summary                                                                         ;
+------------------------------------+-------------------------------------------------+
; Flow Status                        ; Successful - Sat Jul 10 19:11:07 2021           ;
; Quartus Prime Version              ; 17.1.0 Build 590 10/25/2017 SJ Standard Edition ;
; Revision Name                      ; EightBit_Computer                               ;
; Top-level Entity Name              ; EightBit_Computer                               ;
; Family                             ; Cyclone IV E                                    ;
; Device                             ; EP4CE6E22C8                                     ;
; Timing Models                      ; Final                                           ;
; Total logic elements               ; 196 / 6,272 ( 3 % )                             ;
;     Total combinational functions  ; 187 / 6,272 ( 3 % )                             ;
;     Dedicated logic registers      ; 57 / 6,272 ( < 1 % )                            ;
; Total registers                    ; 57                                              ;
; Total pins                         ; 39 / 92 ( 42 % )                                ;
; Total virtual pins                 ; 0                                               ;
; Total memory bits                  ; 0 / 276,480 ( 0 % )                             ;
; Embedded Multiplier 9-bit elements ; 0 / 30 ( 0 % )                                  ;
; Total PLLs                         ; 0 / 2 ( 0 % )                                   ;
+------------------------------------+-------------------------------------------------+


+-----------------------------------------+
; Flow Settings                           ;
+-------------------+---------------------+
; Option            ; Setting             ;
+-------------------+---------------------+
; Start date & time ; 07/10/2021 19:10:25 ;
; Main task         ; Compilation         ;
; Revision Name     ; EightBit_Computer   ;
+-------------------+---------------------+


+------------------------------------------------------------------------------------------------------------------------------------+
; Flow Non-Default Global Settings                                                                                                   ;
+--------------------------------------+----------------------------------------+---------------+-------------+----------------------+
; Assignment Name                      ; Value                                  ; Default Value ; Entity Name ; Section Id           ;
+--------------------------------------+----------------------------------------+---------------+-------------+----------------------+
; COMPILER_SIGNATURE_ID                ; 245143934264097.162591542510148        ; --            ; --          ; --                   ;
; EDA_DESIGN_INSTANCE_NAME             ; NA                                     ; --            ; --          ; EightBit_Computer_tb ;
; EDA_NATIVELINK_SIMULATION_TEST_BENCH ; EightBit_Computer_tb                   ; --            ; --          ; eda_simulation       ;
; EDA_OUTPUT_DATA_FORMAT               ; Vhdl                                   ; --            ; --          ; eda_simulation       ;
; EDA_SIMULATION_TOOL                  ; ModelSim-Altera (VHDL)                 ; <None>        ; --          ; --                   ;
; EDA_TEST_BENCH_ENABLE_STATUS         ; TEST_BENCH_MODE                        ; --            ; --          ; eda_simulation       ;
; EDA_TEST_BENCH_FILE                  ; EightBit_Computer_tb.vhd               ; --            ; --          ; EightBit_Computer_tb ;
; EDA_TEST_BENCH_MODULE_NAME           ; EightBit_Computer_tb                   ; --            ; --          ; EightBit_Computer_tb ;
; EDA_TEST_BENCH_NAME                  ; EightBit_Computer_tb                   ; --            ; --          ; eda_simulation       ;
; EDA_TIME_SCALE                       ; 1 ps                                   ; --            ; --          ; eda_simulation       ;
; MAX_CORE_JUNCTION_TEMP               ; 85                                     ; --            ; --          ; --                   ;
; MIN_CORE_JUNCTION_TEMP               ; 0                                      ; --            ; --          ; --                   ;
; NOMINAL_CORE_SUPPLY_VOLTAGE          ; 1.2V                                   ; --            ; --          ; --                   ;
; PARTITION_COLOR                      ; -- (Not supported for targeted family) ; --            ; --          ; Top                  ;
; PARTITION_FITTER_PRESERVATION_LEVEL  ; -- (Not supported for targeted family) ; --            ; --          ; Top                  ;
; PARTITION_NETLIST_TYPE               ; -- (Not supported for targeted family) ; --            ; --          ; Top                  ;
; POWER_BOARD_THERMAL_MODEL            ; None (CONSERVATIVE)                    ; --            ; --          ; --                   ;
; POWER_PRESET_COOLING_SOLUTION        ; 23 MM HEAT SINK WITH 200 LFPM AIRFLOW  ; --            ; --          ; --                   ;
; PROJECT_OUTPUT_DIRECTORY             ; output_files                           ; --            ; --          ; --                   ;
+--------------------------------------+----------------------------------------+---------------+-------------+----------------------+


+-------------------------------------------------------------------------------------------------------------------------------+
; Flow Elapsed Time                                                                                                             ;
+---------------------------+--------------+-------------------------+---------------------+------------------------------------+
; Module Name               ; Elapsed Time ; Average Processors Used ; Peak Virtual Memory ; Total CPU Time (on all processors) ;
+---------------------------+--------------+-------------------------+---------------------+------------------------------------+
; Analysis & Synthesis      ; 00:00:19     ; 1.0                     ; 4784 MB             ; 00:00:40                           ;
; Fitter                    ; 00:00:10     ; 1.0                     ; 5515 MB             ; 00:00:10                           ;
; Assembler                 ; 00:00:01     ; 1.0                     ; 4665 MB             ; 00:00:01                           ;
; TimeQuest Timing Analyzer ; 00:00:04     ; 1.1                     ; 4744 MB             ; 00:00:03                           ;
; EDA Netlist Writer        ; 00:00:02     ; 1.0                     ; 4636 MB             ; 00:00:02                           ;
; Total                     ; 00:00:36     ; --                      ; --                  ; 00:00:56                           ;
+---------------------------+--------------+-------------------------+---------------------+------------------------------------+


+-----------------------------------------------------------------------------------------+
; Flow OS Summary                                                                         ;
+---------------------------+------------------+------------+------------+----------------+
; Module Name               ; Machine Hostname ; OS Name    ; OS Version ; Processor type ;
+---------------------------+------------------+------------+------------+----------------+
; Analysis & Synthesis      ; LAPTOP-RHA96IQ4  ; Windows 10 ; 10.0       ; x86_64         ;
; Fitter                    ; LAPTOP-RHA96IQ4  ; Windows 10 ; 10.0       ; x86_64         ;
; Assembler                 ; LAPTOP-RHA96IQ4  ; Windows 10 ; 10.0       ; x86_64         ;
; TimeQuest Timing Analyzer ; LAPTOP-RHA96IQ4  ; Windows 10 ; 10.0       ; x86_64         ;
; EDA Netlist Writer        ; LAPTOP-RHA96IQ4  ; Windows 10 ; 10.0       ; x86_64         ;
+---------------------------+------------------+------------+------------+----------------+


------------
; Flow Log ;
------------
quartus_map --read_settings_files=on --write_settings_files=off EightBit_Computer -c EightBit_Computer
quartus_fit --read_settings_files=off --write_settings_files=off EightBit_Computer -c EightBit_Computer
quartus_asm --read_settings_files=off --write_settings_files=off EightBit_Computer -c EightBit_Computer
quartus_sta EightBit_Computer -c EightBit_Computer
quartus_eda --read_settings_files=off --write_settings_files=off EightBit_Computer -c EightBit_Computer



